# JRE version: OpenJDK Runtime Environment (11.0.11+9) (build 11.0.11+9-Ubuntu-0ubuntu2.18.04)
# Java VM: OpenJDK 64-Bit Server VM (11.0.11+9-Ubuntu-0ubuntu2.18.04, mixed mode, tiered, compressed oops, g1 gc, linux-amd64)
Heap:
 garbage-first heap   total 251904K, used 113591K [0x00000000c0000000, 0x0000000100000000)
  region size 1024K, 24 young (24576K), 3 survivors (3072K)
 Metaspace       used 97205K, capacity 99722K, committed 99968K, reserved 604160K
  class space    used 11486K, capacity 12346K, committed 12416K, reserved 516096K
GC Heap History (20 events):
Event: 242.760 GC heap before
{Heap before GC invocations=13 (full 0):
 garbage-first heap   total 251904K, used 190420K [0x00000000c0000000, 0x0000000100000000)
  region size 1024K, 145 young (148480K), 16 survivors (16384K)
 Metaspace       used 67297K, capacity 68730K, committed 68992K, reserved 577536K
  class space    used 8283K, capacity 8752K, committed 8832K, reserved 516096K
}
Event: 242.766 GC heap after
{Heap after GC invocations=14 (full 0):
 garbage-first heap   total 251904K, used 54060K [0x00000000c0000000, 0x0000000100000000)
  region size 1024K, 6 young (6144K), 6 survivors (6144K)
 Metaspace       used 67297K, capacity 68730K, committed 68992K, reserved 577536K
  class space    used 8283K, capacity 8752K, committed 8832K, reserved 516096K
}
Event: 395.962 GC heap before
{Heap before GC invocations=14 (full 0):
 garbage-first heap   total 251904K, used 194348K [0x00000000c0000000, 0x0000000100000000)
  region size 1024K, 144 young (147456K), 6 survivors (6144K)
 Metaspace       used 69116K, capacity 70535K, committed 70784K, reserved 579584K
  class space    used 8484K, capacity 9017K, committed 9088K, reserved 516096K
}
Event: 395.972 GC heap after
{Heap after GC invocations=15 (full 0):
 garbage-first heap   total 251904K, used 63085K [0x00000000c0000000, 0x0000000100000000)
  region size 1024K, 15 young (15360K), 15 survivors (15360K)
 Metaspace       used 69116K, capacity 70535K, committed 70784K, reserved 579584K
  class space    used 8484K, capacity 9017K, committed 9088K, reserved 516096K
}
Event: 396.956 GC heap before
{Heap before GC invocations=15 (full 0):
 garbage-first heap   total 251904K, used 194157K [0x00000000c0000000, 0x0000000100000000)
  region size 1024K, 144 young (147456K), 15 survivors (15360K)
 Metaspace       used 69294K, capacity 70807K, committed 71040K, reserved 579584K
  class space    used 8484K, capacity 9018K, committed 9088K, reserved 516096K
}
Event: 396.966 GC heap after
{Heap after GC invocations=16 (full 0):
 garbage-first heap   total 251904K, used 69015K [0x00000000c0000000, 0x0000000100000000)
  region size 1024K, 14 young (14336K), 14 survivors (14336K)
 Metaspace       used 69294K, capacity 70807K, committed 71040K, reserved 579584K
  class space    used 8484K, capacity 9018K, committed 9088K, reserved 516096K
}
Event: 401.400 GC heap before
{Heap before GC invocations=16 (full 0):
 garbage-first heap   total 251904K, used 192919K [0x00000000c0000000, 0x0000000100000000)
  region size 1024K, 136 young (139264K), 14 survivors (14336K)
 Metaspace       used 74848K, capacity 76381K, committed 76544K, reserved 583680K
  class space    used 9088K, capacity 9657K, committed 9728K, reserved 516096K
}
Event: 401.403 GC heap after
{Heap after GC invocations=17 (full 0):
 garbage-first heap   total 251904K, used 63251K [0x00000000c0000000, 0x0000000100000000)
  region size 1024K, 6 young (6144K), 6 survivors (6144K)
 Metaspace       used 74848K, capacity 76381K, committed 76544K, reserved 583680K
  class space    used 9088K, capacity 9657K, committed 9728K, reserved 516096K
}
Event: 598.210 GC heap before
{Heap before GC invocations=17 (full 0):
 garbage-first heap   total 251904K, used 195347K [0x00000000c0000000, 0x0000000100000000)
  region size 1024K, 136 young (139264K), 6 survivors (6144K)
 Metaspace       used 79764K, capacity 81497K, committed 81664K, reserved 587776K
  class space    used 9599K, capacity 10146K, committed 10240K, reserved 516096K
}
Event: 598.218 GC heap after
{Heap after GC invocations=18 (full 0):
 garbage-first heap   total 251904K, used 66100K [0x00000000c0000000, 0x0000000100000000)
  region size 1024K, 8 young (8192K), 8 survivors (8192K)
 Metaspace       used 79764K, capacity 81497K, committed 81664K, reserved 587776K
  class space    used 9599K, capacity 10146K, committed 10240K, reserved 516096K
}
Event: 600.361 GC heap before
{Heap before GC invocations=18 (full 0):
 garbage-first heap   total 251904K, used 200244K [0x00000000c0000000, 0x0000000100000000)
  region size 1024K, 139 young (142336K), 8 survivors (8192K)
 Metaspace       used 81280K, capacity 83170K, committed 83456K, reserved 589824K
  class space    used 9758K, capacity 10392K, committed 10496K, reserved 516096K
}
Event: 600.373 GC heap after
{Heap after GC invocations=19 (full 0):
 garbage-first heap   total 251904K, used 79591K [0x00000000c0000000, 0x0000000100000000)
  region size 1024K, 18 young (18432K), 18 survivors (18432K)
 Metaspace       used 81280K, capacity 83170K, committed 83456K, reserved 589824K
  class space    used 9758K, capacity 10392K, committed 10496K, reserved 516096K
}
Event: 603.037 GC heap before
{Heap before GC invocations=19 (full 0):
 garbage-first heap   total 251904K, used 196327K [0x00000000c0000000, 0x0000000100000000)
  region size 1024K, 132 young (135168K), 18 survivors (18432K)
 Metaspace       used 87038K, capacity 89105K, committed 89216K, reserved 595968K
  class space    used 10413K, capacity 11102K, committed 11136K, reserved 516096K
}
Event: 603.055 GC heap after
{Heap after GC invocations=20 (full 0):
 garbage-first heap   total 251904K, used 87998K [0x00000000c0000000, 0x0000000100000000)
  region size 1024K, 12 young (12288K), 12 survivors (12288K)
 Metaspace       used 87038K, capacity 89105K, committed 89216K, reserved 595968K
  class space    used 10413K, capacity 11102K, committed 11136K, reserved 516096K
}
Event: 603.803 GC heap before
{Heap before GC invocations=20 (full 0):
 garbage-first heap   total 251904K, used 196542K [0x00000000c0000000, 0x0000000100000000)
  region size 1024K, 118 young (120832K), 12 survivors (12288K)
 Metaspace       used 91590K, capacity 93729K, committed 94080K, reserved 600064K
  class space    used 10835K, capacity 11539K, committed 11648K, reserved 516096K
}
Event: 603.811 GC heap after
{Heap after GC invocations=21 (full 0):
 garbage-first heap   total 251904K, used 86447K [0x00000000c0000000, 0x0000000100000000)
  region size 1024K, 4 young (4096K), 4 survivors (4096K)
 Metaspace       used 91590K, capacity 93729K, committed 94080K, reserved 600064K
  class space    used 10835K, capacity 11539K, committed 11648K, reserved 516096K
}
Event: 604.593 GC heap before
{Heap before GC invocations=21 (full 0):
 garbage-first heap   total 251904K, used 200111K [0x00000000c0000000, 0x0000000100000000)
  region size 1024K, 115 young (117760K), 4 survivors (4096K)
 Metaspace       used 96781K, capacity 99259K, committed 99456K, reserved 604160K
  class space    used 11468K, capacity 12326K, committed 12416K, reserved 516096K
}
Event: 604.599 GC heap after
{Heap after GC invocations=22 (full 0):
 garbage-first heap   total 251904K, used 96732K [0x00000000c0000000, 0x0000000100000000)
  region size 1024K, 14 young (14336K), 14 survivors (14336K)
 Metaspace       used 96781K, capacity 99259K, committed 99456K, reserved 604160K
  class space    used 11468K, capacity 12326K, committed 12416K, reserved 516096K
}
Event: 605.082 GC heap before
{Heap before GC invocations=22 (full 0):
 garbage-first heap   total 251904K, used 199132K [0x00000000c0000000, 0x0000000100000000)
  region size 1024K, 115 young (117760K), 14 survivors (14336K)
 Metaspace       used 96969K, capacity 99414K, committed 99712K, reserved 604160K
  class space    used 11472K, capacity 12332K, committed 12416K, reserved 516096K
}
Event: 605.088 GC heap after
{Heap after GC invocations=23 (full 0):
 garbage-first heap   total 251904K, used 93111K [0x00000000c0000000, 0x0000000100000000)
  region size 1024K, 3 young (3072K), 3 survivors (3072K)
 Metaspace       used 96969K, capacity 99414K, committed 99712K, reserved 604160K
  class space    used 11472K, capacity 12332K, committed 12416K, reserved 516096K
}

