# JRE version: Java(TM) SE Runtime Environment 18.9 (11.0.9+7) (build 11.0.9+7-LTS)
# Java VM: Java HotSpot(TM) 64-Bit Server VM 18.9 (11.0.9+7-LTS, mixed mode, tiered, compressed oops, g1 gc, bsd-amd64)
Heap:
 garbage-first heap   total 262144K, used 20595K [0x0000000700000000, 0x0000000800000000)
  region size 1024K, 10 young (10240K), 7 survivors (7168K)
 Metaspace       used 34166K, capacity 35608K, committed 35888K, reserved 1081344K
  class space    used 4289K, capacity 4908K, committed 4992K, reserved 1048576K
GC Heap History (8 events):
Event: 1.011 GC heap before
{Heap before GC invocations=0 (full 0):
 garbage-first heap   total 262144K, used 23552K [0x0000000700000000, 0x0000000800000000)
  region size 1024K, 24 young (24576K), 0 survivors (0K)
 Metaspace       used 14219K, capacity 14524K, committed 14848K, reserved 1062912K
  class space    used 1374K, capacity 1482K, committed 1536K, reserved 1048576K
}
Event: 1.041 GC heap after
{Heap after GC invocations=1 (full 0):
 garbage-first heap   total 262144K, used 5301K [0x0000000700000000, 0x0000000800000000)
  region size 1024K, 3 young (3072K), 3 survivors (3072K)
 Metaspace       used 14219K, capacity 14524K, committed 14848K, reserved 1062912K
  class space    used 1374K, capacity 1482K, committed 1536K, reserved 1048576K
}
Event: 1.637 GC heap before
{Heap before GC invocations=1 (full 0):
 garbage-first heap   total 262144K, used 24757K [0x0000000700000000, 0x0000000800000000)
  region size 1024K, 23 young (23552K), 3 survivors (3072K)
 Metaspace       used 20580K, capacity 21151K, committed 21296K, reserved 1069056K
  class space    used 2186K, capacity 2402K, committed 2432K, reserved 1048576K
}
Event: 1.650 GC heap after
{Heap after GC invocations=2 (full 0):
 garbage-first heap   total 262144K, used 7219K [0x0000000700000000, 0x0000000800000000)
  region size 1024K, 5 young (5120K), 5 survivors (5120K)
 Metaspace       used 20580K, capacity 21151K, committed 21296K, reserved 1069056K
  class space    used 2186K, capacity 2402K, committed 2432K, reserved 1048576K
}
Event: 2.395 GC heap before
{Heap before GC invocations=3 (full 0):
 garbage-first heap   total 262144K, used 33843K [0x0000000700000000, 0x0000000800000000)
  region size 1024K, 31 young (31744K), 5 survivors (5120K)
 Metaspace       used 26896K, capacity 27789K, committed 27952K, reserved 1073152K
  class space    used 3275K, capacity 3628K, committed 3712K, reserved 1048576K
}
Event: 2.413 GC heap after
{Heap after GC invocations=4 (full 0):
 garbage-first heap   total 262144K, used 10529K [0x0000000700000000, 0x0000000800000000)
  region size 1024K, 4 young (4096K), 4 survivors (4096K)
 Metaspace       used 26896K, capacity 27789K, committed 27952K, reserved 1073152K
  class space    used 3275K, capacity 3628K, committed 3712K, reserved 1048576K
}
Event: 16.550 GC heap before
{Heap before GC invocations=4 (full 0):
 garbage-first heap   total 262144K, used 56609K [0x0000000700000000, 0x0000000800000000)
  region size 1024K, 47 young (48128K), 4 survivors (4096K)
 Metaspace       used 34060K, capacity 35543K, committed 35888K, reserved 1081344K
  class space    used 4289K, capacity 4908K, committed 4992K, reserved 1048576K
}
Event: 16.574 GC heap after
{Heap after GC invocations=5 (full 0):
 garbage-first heap   total 262144K, used 18547K [0x0000000700000000, 0x0000000800000000)
  region size 1024K, 7 young (7168K), 7 survivors (7168K)
 Metaspace       used 34060K, capacity 35543K, committed 35888K, reserved 1081344K
  class space    used 4289K, capacity 4908K, committed 4992K, reserved 1048576K
}

